<?xml version="1.0" encoding="UTF-8"?>
<testng-results ignored="0" total="1" passed="1" failed="0" skipped="0">
  <reporter-output>
  </reporter-output>
  <suite started-at="2021-12-12T17:18:00 IST" name="Suite" finished-at="2021-12-12T17:19:10 IST" duration-ms="70010">
    <groups>
    </groups>
    <test started-at="2021-12-12T17:18:00 IST" name="ChromeTest" finished-at="2021-12-12T17:19:10 IST" duration-ms="70010">
      <class name="com.salesforce.testcases.S0129_CreateNewAccount">
        <test-method is-config="true" signature="startReport()[pri:0, instance:com.salesforce.testcases.S0129_CreateNewAccount@59d4cd39]" started-at="2021-12-12T17:17:59 IST" name="startReport" finished-at="2021-12-12T17:18:00 IST" duration-ms="322" status="PASS">
          <reporter-output>
          </reporter-output>
        </test-method> <!-- startReport -->
        <test-method is-config="true" signature="setValues()[pri:0, instance:com.salesforce.testcases.S0129_CreateNewAccount@59d4cd39]" started-at="2021-12-12T17:18:00 IST" name="setValues" finished-at="2021-12-12T17:18:00 IST" duration-ms="1" status="PASS">
          <reporter-output>
          </reporter-output>
        </test-method> <!-- setValues -->
        <test-method is-config="true" signature="springTestContextBeforeTestClass()[pri:0, instance:com.salesforce.testcases.S0129_CreateNewAccount@59d4cd39]" started-at="2021-12-12T17:18:00 IST" name="springTestContextBeforeTestClass" finished-at="2021-12-12T17:18:00 IST" duration-ms="5" status="PASS">
          <reporter-output>
          </reporter-output>
        </test-method> <!-- springTestContextBeforeTestClass -->
        <test-method is-config="true" signature="springTestContextPrepareTestInstance()[pri:0, instance:com.salesforce.testcases.S0129_CreateNewAccount@59d4cd39]" started-at="2021-12-12T17:18:00 IST" name="springTestContextPrepareTestInstance" finished-at="2021-12-12T17:18:02 IST" depends-on-methods="org.springframework.test.context.testng.AbstractTestNGSpringContextTests.springTestContextBeforeTestClass" duration-ms="1999" status="PASS">
          <reporter-output>
          </reporter-output>
        </test-method> <!-- springTestContextPrepareTestInstance -->
        <test-method is-config="true" signature="startTestCase()[pri:0, instance:com.salesforce.testcases.S0129_CreateNewAccount@59d4cd39]" started-at="2021-12-12T17:18:02 IST" name="startTestCase" finished-at="2021-12-12T17:18:02 IST" duration-ms="17" status="PASS">
          <reporter-output>
          </reporter-output>
        </test-method> <!-- startTestCase -->
        <test-method is-config="true" signature="springTestContextBeforeTestMethod(java.lang.reflect.Method)[pri:0, instance:com.salesforce.testcases.S0129_CreateNewAccount@59d4cd39]" started-at="2021-12-12T17:18:03 IST" name="springTestContextBeforeTestMethod" finished-at="2021-12-12T17:18:03 IST" duration-ms="10" status="PASS">
          <params>
            <param index="0">
              <value>
                <![CDATA[public void com.salesforce.testcases.S0129_CreateNewAccount.createAccount(java.lang.String,java.lang.String,java.lang.String,java.lang.String)]]>
              </value>
            </param>
          </params>
          <reporter-output>
          </reporter-output>
        </test-method> <!-- springTestContextBeforeTestMethod -->
        <test-method is-config="true" signature="preCondition(java.lang.String)[pri:0, instance:com.salesforce.testcases.S0129_CreateNewAccount@59d4cd39]" started-at="2021-12-12T17:18:03 IST" name="preCondition" finished-at="2021-12-12T17:18:10 IST" duration-ms="6820" status="PASS">
          <params>
            <param index="0">
              <value>
                <![CDATA[chrome]]>
              </value>
            </param>
          </params>
          <reporter-output>
          </reporter-output>
        </test-method> <!-- preCondition -->
        <test-method signature="createAccount(java.lang.String, java.lang.String, java.lang.String, java.lang.String)[pri:0, instance:com.salesforce.testcases.S0129_CreateNewAccount@59d4cd39]" started-at="2021-12-12T17:18:10 IST" name="createAccount" data-provider="fetchData" finished-at="2021-12-12T17:19:09 IST" duration-ms="59170" status="PASS">
          <params>
            <param index="0">
              <value>
                <![CDATA[fullstack@testleaf.com]]>
              </value>
            </param>
            <param index="1">
              <value>
                <![CDATA[SelBootcamp$123]]>
              </value>
            </param>
            <param index="2">
              <value>
                <![CDATA[Dravid Willy]]>
              </value>
            </param>
            <param index="3">
              <value>
                <![CDATA[Public]]>
              </value>
            </param>
          </params>
          <reporter-output>
          </reporter-output>
        </test-method> <!-- createAccount -->
        <test-method is-config="true" signature="postCondition()[pri:0, instance:com.salesforce.testcases.S0129_CreateNewAccount@59d4cd39]" started-at="2021-12-12T17:19:09 IST" name="postCondition" finished-at="2021-12-12T17:19:10 IST" duration-ms="500" status="PASS">
          <reporter-output>
          </reporter-output>
        </test-method> <!-- postCondition -->
        <test-method is-config="true" signature="springTestContextAfterTestMethod(java.lang.reflect.Method)[pri:0, instance:com.salesforce.testcases.S0129_CreateNewAccount@59d4cd39]" started-at="2021-12-12T17:19:10 IST" name="springTestContextAfterTestMethod" finished-at="2021-12-12T17:19:10 IST" duration-ms="4" status="PASS">
          <params>
            <param index="0">
              <value>
                <![CDATA[public void com.salesforce.testcases.S0129_CreateNewAccount.createAccount(java.lang.String,java.lang.String,java.lang.String,java.lang.String)]]>
              </value>
            </param>
          </params>
          <reporter-output>
          </reporter-output>
        </test-method> <!-- springTestContextAfterTestMethod -->
        <test-method is-config="true" signature="springTestContextAfterTestClass()[pri:0, instance:com.salesforce.testcases.S0129_CreateNewAccount@59d4cd39]" started-at="2021-12-12T17:19:10 IST" name="springTestContextAfterTestClass" finished-at="2021-12-12T17:19:10 IST" duration-ms="5" status="PASS">
          <reporter-output>
          </reporter-output>
        </test-method> <!-- springTestContextAfterTestClass -->
        <test-method is-config="true" signature="endResult()[pri:0, instance:com.salesforce.testcases.S0129_CreateNewAccount@59d4cd39]" started-at="2021-12-12T17:19:10 IST" name="endResult" finished-at="2021-12-12T17:19:11 IST" duration-ms="818" status="PASS">
          <reporter-output>
          </reporter-output>
        </test-method> <!-- endResult -->
      </class> <!-- com.salesforce.testcases.S0129_CreateNewAccount -->
    </test> <!-- ChromeTest -->
  </suite> <!-- Suite -->
</testng-results>
