<?xml version="1.0" encoding="UTF-8"?>
<testng-results ignored="0" total="1" passed="1" failed="0" skipped="0">
  <reporter-output>
  </reporter-output>
  <suite started-at="2021-12-11T18:06:31 IST" name="Suite" finished-at="2021-12-11T18:07:29 IST" duration-ms="57937">
    <groups>
    </groups>
    <test started-at="2021-12-11T18:06:31 IST" name="ChromeTest" finished-at="2021-12-11T18:07:29 IST" duration-ms="57937">
      <class name="com.salesforce.testcases.SalesForceAssessment">
        <test-method is-config="true" signature="startReport()[pri:0, instance:com.salesforce.testcases.SalesForceAssessment@4b8ee4de]" started-at="2021-12-11T18:06:31 IST" name="startReport" finished-at="2021-12-11T18:06:31 IST" duration-ms="262" status="PASS">
          <reporter-output>
          </reporter-output>
        </test-method> <!-- startReport -->
        <test-method is-config="true" signature="setValues()[pri:0, instance:com.salesforce.testcases.SalesForceAssessment@4b8ee4de]" started-at="2021-12-11T18:06:31 IST" name="setValues" finished-at="2021-12-11T18:06:31 IST" duration-ms="1" status="PASS">
          <reporter-output>
          </reporter-output>
        </test-method> <!-- setValues -->
        <test-method is-config="true" signature="startTestCase()[pri:0, instance:com.salesforce.testcases.SalesForceAssessment@4b8ee4de]" started-at="2021-12-11T18:06:31 IST" name="startTestCase" finished-at="2021-12-11T18:06:31 IST" duration-ms="10" status="PASS">
          <reporter-output>
          </reporter-output>
        </test-method> <!-- startTestCase -->
        <test-method is-config="true" signature="preCondition(java.lang.String)[pri:0, instance:com.salesforce.testcases.SalesForceAssessment@4b8ee4de]" started-at="2021-12-11T18:06:32 IST" name="preCondition" finished-at="2021-12-11T18:06:36 IST" duration-ms="3595" status="PASS">
          <params>
            <param index="0">
              <value>
                <![CDATA[chrome]]>
              </value>
            </param>
          </params>
          <reporter-output>
          </reporter-output>
        </test-method> <!-- preCondition -->
        <test-method signature="createAccount(java.lang.String, java.lang.String, java.lang.String, java.lang.String, java.lang.String, java.lang.String, java.lang.String)[pri:0, instance:com.salesforce.testcases.SalesForceAssessment@4b8ee4de]" started-at="2021-12-11T18:06:36 IST" name="createAccount" data-provider="fetchData" finished-at="2021-12-11T18:07:29 IST" duration-ms="53194" status="PASS">
          <params>
            <param index="0">
              <value>
                <![CDATA[fullstack@testleaf.com]]>
              </value>
            </param>
            <param index="1">
              <value>
                <![CDATA[SelBootcamp$123]]>
              </value>
            </param>
            <param index="2">
              <value>
                <![CDATA[All Time]]>
              </value>
            </param>
            <param index="3">
              <value>
                <![CDATA[Tabular Format]]>
              </value>
            </param>
            <param index="4">
              <value>
                <![CDATA[TestReport]]>
              </value>
            </param>
            <param index="5">
              <value>
                <![CDATA[Test Description]]>
              </value>
            </param>
            <param index="6">
              <value>
                <![CDATA[Unfiled Public Reports]]>
              </value>
            </param>
          </params>
          <reporter-output>
          </reporter-output>
        </test-method> <!-- createAccount -->
        <test-method is-config="true" signature="postCondition()[pri:0, instance:com.salesforce.testcases.SalesForceAssessment@4b8ee4de]" started-at="2021-12-11T18:07:29 IST" name="postCondition" finished-at="2021-12-11T18:07:29 IST" duration-ms="110" status="PASS">
          <reporter-output>
          </reporter-output>
        </test-method> <!-- postCondition -->
        <test-method is-config="true" signature="endResult()[pri:0, instance:com.salesforce.testcases.SalesForceAssessment@4b8ee4de]" started-at="2021-12-11T18:07:29 IST" name="endResult" finished-at="2021-12-11T18:07:30 IST" duration-ms="534" status="PASS">
          <reporter-output>
          </reporter-output>
        </test-method> <!-- endResult -->
      </class> <!-- com.salesforce.testcases.SalesForceAssessment -->
    </test> <!-- ChromeTest -->
  </suite> <!-- Suite -->
</testng-results>
